TESTEAR ACUMULADORES
	GET
TESTEAR ACUMULADORES
	GET
TESTEAR ACUMULADORES
	POST
	DATOS VALIDOS

Operario :0218
OF       :200122/05
Fecha    :2012-11-14 08:29:30.637896
Peso     :25.5
Volumen  :136.2
Resultado:False

TESTEAR ACUMULADORES
	POST
	DATOS VALIDOS

Operario :0218
OF       :213555/03
Fecha    :2012-11-14 08:30:03.565055
Peso     :100.5
Volumen  :125.3
Resultado:False

TESTEAR ACUMULADORES
	GET
TESTEAR ACUMULADORES
	POST
	DATOS VALIDOS

Operario :0218
OF       :123456/12
Fecha    :2012-11-14 08:32:37.253608
Peso     :2.5
Volumen  :85.0
Resultado:False

TESTEAR ACUMULADORES
	POST
	DATOS VALIDOS

Operario :2022
OF       :12345/121
Fecha    :2012-11-14 08:33:21.809992
Peso     :2.7
Volumen  :44.5
Resultado:False

TESTEAR ACUMULADORES
	POST
	DATOS VALIDOS

Operario :2125
OF       :123456/12
Fecha    :2012-11-14 08:34:24.276552
Peso     :3.7
Volumen  :76.6
Resultado:True

TESTEAR ACUMULADORES
	POST
	DATOS VALIDOS

Operario :2123
OF       :123456/12
Fecha    :2012-11-14 08:34:53.344602
Peso     :3.0
Volumen  :76.6
Resultado:True

TESTEAR ACUMULADORES
	POST
TESTEAR ACUMULADORES
	GET
